(node:27015) Warning: Accessing non-existent property 'padLevels' of module exports inside circular dependency
(Use `node --trace-warnings ...` to show where the warning was created)
[NODE-na-0.0.0.0:5000] Invalid response received; this may indicate that Lavalink is not running, or is running on a port different to the one you passed to `add_node`.
Ignoring exception in on_message
Traceback (most recent call last):
  File "/home/ubuntu/.local/lib/python3.8/site-packages/discord/client.py", line 333, in _run_event
    await coro(*args, **kwargs)
  File "/home/ubuntu/.local/lib/python3.8/site-packages/discord/ext/commands/bot.py", line 943, in on_message
    await self.process_commands(message)
  File "/home/ubuntu/.local/lib/python3.8/site-packages/discord/ext/commands/bot.py", line 940, in process_commands
    await self.invoke(ctx)
  File "/home/ubuntu/.local/lib/python3.8/site-packages/discord/ext/commands/bot.py", line 903, in invoke
    await ctx.command.invoke(ctx)
  File "/home/ubuntu/.local/lib/python3.8/site-packages/discord/ext/commands/core.py", line 851, in invoke
    await self.prepare(ctx)
  File "/home/ubuntu/.local/lib/python3.8/site-packages/discord/ext/commands/core.py", line 791, in prepare
    await self.call_before_hooks(ctx)
  File "/home/ubuntu/.local/lib/python3.8/site-packages/discord/ext/commands/core.py", line 740, in call_before_hooks
    await hook(ctx)
  File "/home/ubuntu/cogs/VoiceCommands.py", line 27, in cog_before_invoke
    await self.ensure_voice(ctx)
  File "/home/ubuntu/cogs/VoiceCommands.py", line 37, in ensure_voice
    player = self.bot.lavalink.player_manager.create(ctx.guild.id, endpoint=str(ctx.guild.region))
  File "/home/ubuntu/.local/lib/python3.8/site-packages/lavalink/playermanager.py", line 157, in create
    raise NodeException('No available nodes!')
lavalink.exceptions.NodeException: No available nodes!
[NODE-na-0.0.0.0:5000] Invalid response received; this may indicate that Lavalink is not running, or is running on a port different to the one you passed to `add_node`.
[NODE-na-0.0.0.0:5000] Invalid response received; this may indicate that Lavalink is not running, or is running on a port different to the one you passed to `add_node`.
error: Forever detected script was killed by signal: SIGKILL
