0 verbose cli [ '/usr/bin/node', '/usr/bin/npm', 'test' ]
1 info using npm@7.0.15
2 info using node@v15.4.0
3 timing config:load:defaults Completed in 1ms
4 timing config:load:file:/usr/lib/node_modules/npm/npmrc Completed in 0ms
5 timing config:load:builtin Completed in 0ms
6 timing config:load:cli Completed in 2ms
7 timing config:load:env Completed in 0ms
8 timing config:load:project Completed in 1ms
9 timing config:load:file:/home/ubuntu/.npmrc Completed in 0ms
10 timing config:load:user Completed in 0ms
11 timing config:load:file:/usr/etc/npmrc Completed in 0ms
12 timing config:load:global Completed in 0ms
13 timing config:load:cafile Completed in 0ms
14 timing config:load:validate Completed in 0ms
15 timing config:load:setUserAgent Completed in 1ms
16 timing config:load:setEnvs Completed in 1ms
17 timing config:load Completed in 7ms
18 verbose npm-session cdd1ec922c77eefe
19 timing npm:load Completed in 17ms
20 timing command:run-script Completed in 12ms
21 timing command:test Completed in 15ms
22 verbose stack Error: command failed
22 verbose stack     at ChildProcess.<anonymous> (/usr/lib/node_modules/npm/node_modules/@npmcli/promise-spawn/index.js:64:27)
22 verbose stack     at ChildProcess.emit (node:events:376:20)
22 verbose stack     at maybeClose (node:internal/child_process:1063:16)
22 verbose stack     at Process.ChildProcess._handle.onexit (node:internal/child_process:295:5)
23 verbose pkgid Simp Bot@1.0.0
24 verbose cwd /home/ubuntu
25 verbose Linux 5.4.0-1029-aws
26 verbose argv "/usr/bin/node" "/usr/bin/npm" "test"
27 verbose node v15.4.0
28 verbose npm  v7.0.15
29 error code 1
30 error path /home/ubuntu
31 error command failed
32 error command sh -c echo "Error: no test specified" && exit 1
33 verbose exit 1
