2020-12-18 02:38:55.389  INFO 25508 --- [main] lavalink.server.Launcher                 : 

[32m       .  [31m _                  _ _       _    [32m__ _ _
[32m      /\\ [31m| | __ ___   ____ _| (_)_ __ | | __[32m\ \ \ \
[32m     ( ( )[31m| |/ _` \ \ / / _` | | | '_ \| |/ /[32m \ \ \ \
[32m      \\/ [31m| | (_| |\ V / (_| | | | | | |   < [32m  ) ) ) )
[32m       '  [31m|_|\__,_| \_/ \__,_|_|_|_| |_|_|\_\[32m / / / /
[0m    =========================================[32m/_/_/_/[0m

	Version:        3.3.2.2
	Build:          1155
	Build time:     28.11.2020 11:50:13 UTC
	Branch          dev
	Commit:         23c883a
	Commit time:    28.11.2020 11:42:10 UTC
	JVM:            11.0.9.1
	Lavaplayer      1.3.61

2020-12-18 02:38:55.733  INFO 25508 --- [main] lavalink.server.Launcher                 : Starting Launcher on ip-172-31-44-202 with PID 25508 (/home/ubuntu/Lavalink.jar started by ubuntu in /home/ubuntu)
2020-12-18 02:38:55.736  INFO 25508 --- [main] lavalink.server.Launcher                 : No active profile set, falling back to default profiles: default
2020-12-18 02:38:56.096  WARN 25508 --- [background-preinit] o.s.h.c.j.Jackson2ObjectMapperBuilder    : For Jackson Kotlin classes support please add "com.fasterxml.jackson.module:jackson-module-kotlin" to the classpath
2020-12-18 02:38:58.661  WARN 25508 --- [main] io.undertow.websockets.jsr               : UT026010: Buffer pool was not set on WebSocketDeploymentInfo, the default pool will be used
2020-12-18 02:38:58.722  INFO 25508 --- [main] io.undertow.servlet                      : Initializing Spring embedded WebApplicationContext
2020-12-18 02:38:58.723  INFO 25508 --- [main] o.s.web.context.ContextLoader            : Root WebApplicationContext: initialization completed in 2824 ms
2020-12-18 02:38:59.510  WARN 25508 --- [main] l.server.config.SentryConfiguration      : Turning off sentry
2020-12-18 02:39:00.265  INFO 25508 --- [main] c.s.d.l.tools.GarbageCollectionMonitor   : GC monitoring enabled, reporting results every 2 minutes.
2020-12-18 02:39:00.718  INFO 25508 --- [main] lavalink.server.config.KoeConfiguration  : OS: Linux, Arch: amd64
2020-12-18 02:39:00.719  INFO 25508 --- [main] lavalink.server.config.KoeConfiguration  : Enabling JDA-NAS
2020-12-18 02:39:00.724  INFO 25508 --- [main] c.s.l.c.natives.NativeLibraryLoader      : Native library udpqueue: loading with filter null
2020-12-18 02:39:00.730  INFO 25508 --- [main] c.s.l.c.natives.NativeLibraryLoader      : Native library udpqueue: successfully loaded.
2020-12-18 02:39:01.352  INFO 25508 --- [main] o.s.s.concurrent.ThreadPoolTaskExecutor  : Initializing ExecutorService 'applicationTaskExecutor'
2020-12-18 02:39:02.049  INFO 25508 --- [main] org.xnio                                 : XNIO version 3.3.8.Final
2020-12-18 02:39:02.082  INFO 25508 --- [main] org.xnio.nio                             : XNIO NIO Implementation Version 3.3.8.Final
2020-12-18 02:39:02.197  INFO 25508 --- [main] o.s.b.w.e.u.UndertowServletWebServer     : Undertow started on port(s) 7000 (http) with context path ''
2020-12-18 02:39:02.208  INFO 25508 --- [main] lavalink.server.Launcher                 : Started Launcher in 8.418 seconds (JVM running for 9.707)
2020-12-18 02:39:02.214  INFO 25508 --- [main] lavalink.server.Launcher                 : You can safely ignore the big red warning about illegal reflection. See https://github.com/Frederikam/Lavalink/issues/295
2020-12-18 02:40:40.442  INFO 25508 --- [Thread-1] o.s.s.concurrent.ThreadPoolTaskExecutor  : Shutting down ExecutorService 'applicationTaskExecutor'
2020-12-18 02:40:40.445  INFO 25508 --- [Thread-1] c.s.d.l.tools.GarbageCollectionMonitor   : GC monitoring disabled.
2020-12-18 02:42:37.868  INFO 25543 --- [main] lavalink.server.Launcher                 : 

[32m       .  [31m _                  _ _       _    [32m__ _ _
[32m      /\\ [31m| | __ ___   ____ _| (_)_ __ | | __[32m\ \ \ \
[32m     ( ( )[31m| |/ _` \ \ / / _` | | | '_ \| |/ /[32m \ \ \ \
[32m      \\/ [31m| | (_| |\ V / (_| | | | | | |   < [32m  ) ) ) )
[32m       '  [31m|_|\__,_| \_/ \__,_|_|_|_| |_|_|\_\[32m / / / /
[0m    =========================================[32m/_/_/_/[0m

	Version:        3.3.2.2
	Build:          1155
	Build time:     28.11.2020 11:50:13 UTC
	Branch          dev
	Commit:         23c883a
	Commit time:    28.11.2020 11:42:10 UTC
	JVM:            11.0.9.1
	Lavaplayer      1.3.61

2020-12-18 02:42:38.195  INFO 25543 --- [main] lavalink.server.Launcher                 : Starting Launcher on ip-172-31-44-202 with PID 25543 (/home/ubuntu/Lavalink.jar started by ubuntu in /home/ubuntu)
2020-12-18 02:42:38.198  INFO 25543 --- [main] lavalink.server.Launcher                 : No active profile set, falling back to default profiles: default
2020-12-18 02:42:38.550  WARN 25543 --- [background-preinit] o.s.h.c.j.Jackson2ObjectMapperBuilder    : For Jackson Kotlin classes support please add "com.fasterxml.jackson.module:jackson-module-kotlin" to the classpath
2020-12-18 02:42:40.968  WARN 25543 --- [main] io.undertow.websockets.jsr               : UT026010: Buffer pool was not set on WebSocketDeploymentInfo, the default pool will be used
2020-12-18 02:42:40.999  INFO 25543 --- [main] io.undertow.servlet                      : Initializing Spring embedded WebApplicationContext
2020-12-18 02:42:41.000  INFO 25543 --- [main] o.s.web.context.ContextLoader            : Root WebApplicationContext: initialization completed in 2657 ms
2020-12-18 02:42:41.774  WARN 25543 --- [main] l.server.config.SentryConfiguration      : Turning off sentry
2020-12-18 02:42:42.470  INFO 25543 --- [main] c.s.d.l.tools.GarbageCollectionMonitor   : GC monitoring enabled, reporting results every 2 minutes.
2020-12-18 02:42:42.836  INFO 25543 --- [main] lavalink.server.config.KoeConfiguration  : OS: Linux, Arch: amd64
2020-12-18 02:42:42.837  INFO 25543 --- [main] lavalink.server.config.KoeConfiguration  : Enabling JDA-NAS
2020-12-18 02:42:42.842  INFO 25543 --- [main] c.s.l.c.natives.NativeLibraryLoader      : Native library udpqueue: loading with filter null
2020-12-18 02:42:42.846  INFO 25543 --- [main] c.s.l.c.natives.NativeLibraryLoader      : Native library udpqueue: successfully loaded.
2020-12-18 02:42:43.437  INFO 25543 --- [main] o.s.s.concurrent.ThreadPoolTaskExecutor  : Initializing ExecutorService 'applicationTaskExecutor'
2020-12-18 02:42:44.044  INFO 25543 --- [main] org.xnio                                 : XNIO version 3.3.8.Final
2020-12-18 02:42:44.074  INFO 25543 --- [main] org.xnio.nio                             : XNIO NIO Implementation Version 3.3.8.Final
2020-12-18 02:42:44.202  INFO 25543 --- [main] o.s.b.w.e.u.UndertowServletWebServer     : Undertow started on port(s) 7000 (http) with context path ''
2020-12-18 02:42:44.215  INFO 25543 --- [main] lavalink.server.Launcher                 : Started Launcher in 7.878 seconds (JVM running for 8.91)
2020-12-18 02:42:44.227  INFO 25543 --- [main] lavalink.server.Launcher                 : You can safely ignore the big red warning about illegal reflection. See https://github.com/Frederikam/Lavalink/issues/295
2020-12-18 02:44:22.238  INFO 25543 --- [Thread-1] o.s.s.concurrent.ThreadPoolTaskExecutor  : Shutting down ExecutorService 'applicationTaskExecutor'
2020-12-18 02:44:22.241  INFO 25543 --- [Thread-1] c.s.d.l.tools.GarbageCollectionMonitor   : GC monitoring disabled.
2020-12-18 02:50:05.313  INFO 25607 --- [main] lavalink.server.Launcher                 : 

[32m       .  [31m _                  _ _       _    [32m__ _ _
[32m      /\\ [31m| | __ ___   ____ _| (_)_ __ | | __[32m\ \ \ \
[32m     ( ( )[31m| |/ _` \ \ / / _` | | | '_ \| |/ /[32m \ \ \ \
[32m      \\/ [31m| | (_| |\ V / (_| | | | | | |   < [32m  ) ) ) )
[32m       '  [31m|_|\__,_| \_/ \__,_|_|_|_| |_|_|\_\[32m / / / /
[0m    =========================================[32m/_/_/_/[0m

	Version:        3.3.2.2
	Build:          1155
	Build time:     28.11.2020 11:50:13 UTC
	Branch          dev
	Commit:         23c883a
	Commit time:    28.11.2020 11:42:10 UTC
	JVM:            11.0.9.1
	Lavaplayer      1.3.61

2020-12-18 02:50:05.657  INFO 25607 --- [main] lavalink.server.Launcher                 : Starting Launcher on ip-172-31-44-202 with PID 25607 (/home/ubuntu/Lavalink.jar started by ubuntu in /home/ubuntu)
2020-12-18 02:50:05.659  INFO 25607 --- [main] lavalink.server.Launcher                 : No active profile set, falling back to default profiles: default
2020-12-18 02:50:06.026  WARN 25607 --- [background-preinit] o.s.h.c.j.Jackson2ObjectMapperBuilder    : For Jackson Kotlin classes support please add "com.fasterxml.jackson.module:jackson-module-kotlin" to the classpath
2020-12-18 02:50:08.570  WARN 25607 --- [main] io.undertow.websockets.jsr               : UT026010: Buffer pool was not set on WebSocketDeploymentInfo, the default pool will be used
2020-12-18 02:50:08.624  INFO 25607 --- [main] io.undertow.servlet                      : Initializing Spring embedded WebApplicationContext
2020-12-18 02:50:08.625  INFO 25607 --- [main] o.s.web.context.ContextLoader            : Root WebApplicationContext: initialization completed in 2815 ms
2020-12-18 02:50:09.402  WARN 25607 --- [main] l.server.config.SentryConfiguration      : Turning off sentry
2020-12-18 02:50:10.131  INFO 25607 --- [main] c.s.d.l.tools.GarbageCollectionMonitor   : GC monitoring enabled, reporting results every 2 minutes.
2020-12-18 02:50:10.510  INFO 25607 --- [main] lavalink.server.config.KoeConfiguration  : OS: Linux, Arch: amd64
2020-12-18 02:50:10.512  INFO 25607 --- [main] lavalink.server.config.KoeConfiguration  : Enabling JDA-NAS
2020-12-18 02:50:10.516  INFO 25607 --- [main] c.s.l.c.natives.NativeLibraryLoader      : Native library udpqueue: loading with filter null
2020-12-18 02:50:10.521  INFO 25607 --- [main] c.s.l.c.natives.NativeLibraryLoader      : Native library udpqueue: successfully loaded.
2020-12-18 02:50:11.088  INFO 25607 --- [main] o.s.s.concurrent.ThreadPoolTaskExecutor  : Initializing ExecutorService 'applicationTaskExecutor'
2020-12-18 02:50:11.738  INFO 25607 --- [main] org.xnio                                 : XNIO version 3.3.8.Final
2020-12-18 02:50:11.769  INFO 25607 --- [main] org.xnio.nio                             : XNIO NIO Implementation Version 3.3.8.Final
2020-12-18 02:50:11.903  INFO 25607 --- [main] o.s.b.w.e.u.UndertowServletWebServer     : Undertow started on port(s) 5000 (http) with context path ''
2020-12-18 02:50:11.910  INFO 25607 --- [main] lavalink.server.Launcher                 : Started Launcher in 8.14 seconds (JVM running for 9.192)
2020-12-18 02:50:11.914  INFO 25607 --- [main] lavalink.server.Launcher                 : You can safely ignore the big red warning about illegal reflection. See https://github.com/Frederikam/Lavalink/issues/295
2020-12-18 02:51:35.811  INFO 25607 --- [Thread-1] o.s.s.concurrent.ThreadPoolTaskExecutor  : Shutting down ExecutorService 'applicationTaskExecutor'
2020-12-18 02:51:35.814  INFO 25607 --- [Thread-1] c.s.d.l.tools.GarbageCollectionMonitor   : GC monitoring disabled.
2020-12-18 02:53:23.782  INFO 25659 --- [main] lavalink.server.Launcher                 : 

[32m       .  [31m _                  _ _       _    [32m__ _ _
[32m      /\\ [31m| | __ ___   ____ _| (_)_ __ | | __[32m\ \ \ \
[32m     ( ( )[31m| |/ _` \ \ / / _` | | | '_ \| |/ /[32m \ \ \ \
[32m      \\/ [31m| | (_| |\ V / (_| | | | | | |   < [32m  ) ) ) )
[32m       '  [31m|_|\__,_| \_/ \__,_|_|_|_| |_|_|\_\[32m / / / /
[0m    =========================================[32m/_/_/_/[0m

	Version:        3.3.2.2
	Build:          1155
	Build time:     28.11.2020 11:50:13 UTC
	Branch          dev
	Commit:         23c883a
	Commit time:    28.11.2020 11:42:10 UTC
	JVM:            11.0.9.1
	Lavaplayer      1.3.61

2020-12-18 02:53:24.105  INFO 25659 --- [main] lavalink.server.Launcher                 : Starting Launcher on ip-172-31-44-202 with PID 25659 (/home/ubuntu/Lavalink.jar started by ubuntu in /home/ubuntu)
2020-12-18 02:53:24.107  INFO 25659 --- [main] lavalink.server.Launcher                 : No active profile set, falling back to default profiles: default
2020-12-18 02:53:24.442  WARN 25659 --- [background-preinit] o.s.h.c.j.Jackson2ObjectMapperBuilder    : For Jackson Kotlin classes support please add "com.fasterxml.jackson.module:jackson-module-kotlin" to the classpath
2020-12-18 02:53:26.855  WARN 25659 --- [main] io.undertow.websockets.jsr               : UT026010: Buffer pool was not set on WebSocketDeploymentInfo, the default pool will be used
2020-12-18 02:53:26.905  INFO 25659 --- [main] io.undertow.servlet                      : Initializing Spring embedded WebApplicationContext
2020-12-18 02:53:26.905  INFO 25659 --- [main] o.s.web.context.ContextLoader            : Root WebApplicationContext: initialization completed in 2653 ms
2020-12-18 02:53:27.674  WARN 25659 --- [main] l.server.config.SentryConfiguration      : Turning off sentry
2020-12-18 02:53:28.342  INFO 25659 --- [main] c.s.d.l.tools.GarbageCollectionMonitor   : GC monitoring enabled, reporting results every 2 minutes.
2020-12-18 02:53:28.705  INFO 25659 --- [main] lavalink.server.config.KoeConfiguration  : OS: Linux, Arch: amd64
2020-12-18 02:53:28.707  INFO 25659 --- [main] lavalink.server.config.KoeConfiguration  : Enabling JDA-NAS
2020-12-18 02:53:28.711  INFO 25659 --- [main] c.s.l.c.natives.NativeLibraryLoader      : Native library udpqueue: loading with filter null
2020-12-18 02:53:28.715  INFO 25659 --- [main] c.s.l.c.natives.NativeLibraryLoader      : Native library udpqueue: successfully loaded.
2020-12-18 02:53:29.280  INFO 25659 --- [main] o.s.s.concurrent.ThreadPoolTaskExecutor  : Initializing ExecutorService 'applicationTaskExecutor'
2020-12-18 02:53:29.904  INFO 25659 --- [main] org.xnio                                 : XNIO version 3.3.8.Final
2020-12-18 02:53:29.928  INFO 25659 --- [main] org.xnio.nio                             : XNIO NIO Implementation Version 3.3.8.Final
2020-12-18 02:53:30.032  INFO 25659 --- [main] o.s.b.w.e.u.UndertowServletWebServer     : Undertow started on port(s) 5000 (http) with context path ''
2020-12-18 02:53:30.039  INFO 25659 --- [main] lavalink.server.Launcher                 : Started Launcher in 7.825 seconds (JVM running for 8.859)
2020-12-18 02:53:30.044  INFO 25659 --- [main] lavalink.server.Launcher                 : You can safely ignore the big red warning about illegal reflection. See https://github.com/Frederikam/Lavalink/issues/295
2020-12-18 02:56:06.792  INFO 25659 --- [Thread-1] o.s.s.concurrent.ThreadPoolTaskExecutor  : Shutting down ExecutorService 'applicationTaskExecutor'
2020-12-18 02:56:06.795  INFO 25659 --- [Thread-1] c.s.d.l.tools.GarbageCollectionMonitor   : GC monitoring disabled.
2020-12-18 02:57:25.551  INFO 25698 --- [main] lavalink.server.Launcher                 : 

[32m       .  [31m _                  _ _       _    [32m__ _ _
[32m      /\\ [31m| | __ ___   ____ _| (_)_ __ | | __[32m\ \ \ \
[32m     ( ( )[31m| |/ _` \ \ / / _` | | | '_ \| |/ /[32m \ \ \ \
[32m      \\/ [31m| | (_| |\ V / (_| | | | | | |   < [32m  ) ) ) )
[32m       '  [31m|_|\__,_| \_/ \__,_|_|_|_| |_|_|\_\[32m / / / /
[0m    =========================================[32m/_/_/_/[0m

	Version:        3.3.2.2
	Build:          1155
	Build time:     28.11.2020 11:50:13 UTC
	Branch          dev
	Commit:         23c883a
	Commit time:    28.11.2020 11:42:10 UTC
	JVM:            11.0.9.1
	Lavaplayer      1.3.61

2020-12-18 02:57:25.873  INFO 25698 --- [main] lavalink.server.Launcher                 : Starting Launcher on ip-172-31-44-202 with PID 25698 (/home/ubuntu/Lavalink.jar started by ubuntu in /home/ubuntu)
2020-12-18 02:57:25.874  INFO 25698 --- [main] lavalink.server.Launcher                 : No active profile set, falling back to default profiles: default
2020-12-18 02:57:26.210  WARN 25698 --- [background-preinit] o.s.h.c.j.Jackson2ObjectMapperBuilder    : For Jackson Kotlin classes support please add "com.fasterxml.jackson.module:jackson-module-kotlin" to the classpath
2020-12-18 02:57:28.604  WARN 25698 --- [main] io.undertow.websockets.jsr               : UT026010: Buffer pool was not set on WebSocketDeploymentInfo, the default pool will be used
2020-12-18 02:57:28.646  INFO 25698 --- [main] io.undertow.servlet                      : Initializing Spring embedded WebApplicationContext
2020-12-18 02:57:28.646  INFO 25698 --- [main] o.s.web.context.ContextLoader            : Root WebApplicationContext: initialization completed in 2623 ms
2020-12-18 02:57:29.416  WARN 25698 --- [main] l.server.config.SentryConfiguration      : Turning off sentry
2020-12-18 02:57:30.098  INFO 25698 --- [main] c.s.d.l.tools.GarbageCollectionMonitor   : GC monitoring enabled, reporting results every 2 minutes.
2020-12-18 02:57:30.531  INFO 25698 --- [main] lavalink.server.config.KoeConfiguration  : OS: Linux, Arch: amd64
2020-12-18 02:57:30.532  INFO 25698 --- [main] lavalink.server.config.KoeConfiguration  : Enabling JDA-NAS
2020-12-18 02:57:30.537  INFO 25698 --- [main] c.s.l.c.natives.NativeLibraryLoader      : Native library udpqueue: loading with filter null
2020-12-18 02:57:30.541  INFO 25698 --- [main] c.s.l.c.natives.NativeLibraryLoader      : Native library udpqueue: successfully loaded.
2020-12-18 02:57:31.123  INFO 25698 --- [main] o.s.s.concurrent.ThreadPoolTaskExecutor  : Initializing ExecutorService 'applicationTaskExecutor'
2020-12-18 02:57:31.764  INFO 25698 --- [main] org.xnio                                 : XNIO version 3.3.8.Final
2020-12-18 02:57:31.784  INFO 25698 --- [main] org.xnio.nio                             : XNIO NIO Implementation Version 3.3.8.Final
2020-12-18 02:57:31.891  INFO 25698 --- [main] o.s.b.w.e.u.UndertowServletWebServer     : Undertow started on port(s) 5000 (http) with context path ''
2020-12-18 02:57:31.897  INFO 25698 --- [main] lavalink.server.Launcher                 : Started Launcher in 7.864 seconds (JVM running for 8.88)
2020-12-18 02:57:31.899  INFO 25698 --- [main] lavalink.server.Launcher                 : You can safely ignore the big red warning about illegal reflection. See https://github.com/Frederikam/Lavalink/issues/295
2020-12-18 03:06:51.136  INFO 25698 --- [Thread-1] o.s.s.concurrent.ThreadPoolTaskExecutor  : Shutting down ExecutorService 'applicationTaskExecutor'
2020-12-18 03:06:51.138  INFO 25698 --- [Thread-1] c.s.d.l.tools.GarbageCollectionMonitor   : GC monitoring disabled.
2020-12-18 03:07:33.862  INFO 26125 --- [main] lavalink.server.Launcher                 : 

[32m       .  [31m _                  _ _       _    [32m__ _ _
[32m      /\\ [31m| | __ ___   ____ _| (_)_ __ | | __[32m\ \ \ \
[32m     ( ( )[31m| |/ _` \ \ / / _` | | | '_ \| |/ /[32m \ \ \ \
[32m      \\/ [31m| | (_| |\ V / (_| | | | | | |   < [32m  ) ) ) )
[32m       '  [31m|_|\__,_| \_/ \__,_|_|_|_| |_|_|\_\[32m / / / /
[0m    =========================================[32m/_/_/_/[0m

	Version:        3.3.2.2
	Build:          1155
	Build time:     28.11.2020 11:50:13 UTC
	Branch          dev
	Commit:         23c883a
	Commit time:    28.11.2020 11:42:10 UTC
	JVM:            11.0.9.1
	Lavaplayer      1.3.61

2020-12-18 03:07:34.188  INFO 26125 --- [main] lavalink.server.Launcher                 : Starting Launcher on ip-172-31-44-202 with PID 26125 (/home/ubuntu/Lavalink.jar started by ubuntu in /home/ubuntu)
2020-12-18 03:07:34.189  INFO 26125 --- [main] lavalink.server.Launcher                 : No active profile set, falling back to default profiles: default
2020-12-18 03:07:34.505  WARN 26125 --- [background-preinit] o.s.h.c.j.Jackson2ObjectMapperBuilder    : For Jackson Kotlin classes support please add "com.fasterxml.jackson.module:jackson-module-kotlin" to the classpath
2020-12-18 03:07:36.893  WARN 26125 --- [main] io.undertow.websockets.jsr               : UT026010: Buffer pool was not set on WebSocketDeploymentInfo, the default pool will be used
2020-12-18 03:07:36.950  INFO 26125 --- [main] io.undertow.servlet                      : Initializing Spring embedded WebApplicationContext
2020-12-18 03:07:36.951  INFO 26125 --- [main] o.s.web.context.ContextLoader            : Root WebApplicationContext: initialization completed in 2618 ms
2020-12-18 03:07:37.686  WARN 26125 --- [main] l.server.config.SentryConfiguration      : Turning off sentry
2020-12-18 03:07:38.402  INFO 26125 --- [main] c.s.d.l.tools.GarbageCollectionMonitor   : GC monitoring enabled, reporting results every 2 minutes.
2020-12-18 03:07:38.798  INFO 26125 --- [main] lavalink.server.config.KoeConfiguration  : OS: Linux, Arch: amd64
2020-12-18 03:07:38.799  INFO 26125 --- [main] lavalink.server.config.KoeConfiguration  : Enabling JDA-NAS
2020-12-18 03:07:38.803  INFO 26125 --- [main] c.s.l.c.natives.NativeLibraryLoader      : Native library udpqueue: loading with filter null
2020-12-18 03:07:38.807  INFO 26125 --- [main] c.s.l.c.natives.NativeLibraryLoader      : Native library udpqueue: successfully loaded.
2020-12-18 03:07:39.370  INFO 26125 --- [main] o.s.s.concurrent.ThreadPoolTaskExecutor  : Initializing ExecutorService 'applicationTaskExecutor'
2020-12-18 03:07:40.018  INFO 26125 --- [main] org.xnio                                 : XNIO version 3.3.8.Final
2020-12-18 03:07:40.047  INFO 26125 --- [main] org.xnio.nio                             : XNIO NIO Implementation Version 3.3.8.Final
2020-12-18 03:07:40.133  INFO 26125 --- [main] o.s.b.w.e.u.UndertowServletWebServer     : Undertow started on port(s) 5000 (http) with context path ''
2020-12-18 03:07:40.151  INFO 26125 --- [main] lavalink.server.Launcher                 : Started Launcher in 7.84 seconds (JVM running for 8.851)
2020-12-18 03:07:40.153  INFO 26125 --- [main] lavalink.server.Launcher                 : You can safely ignore the big red warning about illegal reflection. See https://github.com/Frederikam/Lavalink/issues/295
2020-12-18 03:07:58.331  INFO 26125 --- [XNIO-1 task-1] io.undertow.servlet                      : Initializing Spring DispatcherServlet 'dispatcherServlet'
2020-12-18 03:07:58.331  INFO 26125 --- [XNIO-1 task-1] o.s.web.servlet.DispatcherServlet        : Initializing Servlet 'dispatcherServlet'
2020-12-18 03:07:58.345  INFO 26125 --- [XNIO-1 task-1] o.s.web.servlet.DispatcherServlet        : Completed initialization in 13 ms
2020-12-18 03:07:58.396  INFO 26125 --- [XNIO-1 task-1] l.server.io.HandshakeInterceptorImpl     : Incoming connection from /127.0.0.1:51706
2020-12-18 03:07:58.496  INFO 26125 --- [XNIO-1 task-1] lavalink.server.io.SocketServer          : Connection successfully established from /127.0.0.1:51706
2020-12-18 03:07:58.545  INFO 26125 --- [XNIO-1 I/O-1] lavalink.server.io.SocketServer          : {"op": "configureResuming", "key": "default-node", "timeout": 60}
2020-12-18 03:08:11.258  INFO 26125 --- [XNIO-1 task-2] l.server.player.AudioLoaderRestHandler   : Got request to load for identifier "https://www.youtube.com/watch?v=YocGWpDFEsM"
2020-12-18 03:08:11.565  INFO 26125 --- [XNIO-1 I/O-1] lavalink.server.io.SocketServer          : {"op": "voiceUpdate", "guildId": "243315618927869973", "sessionId": "7ffa50121cdf9258db4169af49050a31", "event": {"token": "2921e8cbfcb769fa", "guild_id": "243315618927869973", "endpoint": "us-west6028.discord.media:443"}}
2020-12-18 03:08:13.051  INFO 26125 --- [lava-daemon-pool-info-loader-2-thread-1] lavalink.server.player.AudioLoader       : Loaded track SG Lewis ft. Clairo - Throwaway (Lyrics)
2020-12-18 03:08:13.232  INFO 26125 --- [XNIO-1 I/O-1] lavalink.server.io.SocketServer          : {"op": "play", "guildId": "243315618927869973", "track": "QAAAjQIAKFNHIExld2lzIGZ0LiBDbGFpcm8gLSBUaHJvd2F3YXkgKEx5cmljcykAC1RoZUdvb2RWaWJlAAAAAAACvyAAC1lvY0dXcERGRXNNAAEAK2h0dHBzOi8vd3d3LnlvdXR1YmUuY29tL3dhdGNoP3Y9WW9jR1dwREZFc00AB3lvdXR1YmUAAAAAAAAAAA=="}
2020-12-18 03:09:38.403  WARN 26125 --- [lava-daemon-pool-manager-3-thread-1] c.s.d.l.tools.GarbageCollectionMonitor   : Suspicious GC results for the last 2 minutes: [Bucket 0 = 23] [Bucket 20 = 0] [Bucket 50 = 4] [Bucket 200 = 0] [Bucket 500 = 0] [Bucket 2000 = 0] 
2020-12-18 03:10:07.775  INFO 26125 --- [XNIO-1 I/O-1] lavalink.server.io.SocketServer          : Connection closed from /127.0.0.1:51706 with status CloseStatus[code=1006, reason=] -- Session can be resumed within the next 60 seconds with key default-node
2020-12-18 03:11:07.776  INFO 26125 --- [pool-1-thread-1] lavalink.server.io.SocketContext         : Shutting down 1 playing players.
2020-12-18 03:13:52.018  INFO 26125 --- [XNIO-1 task-4] l.server.io.HandshakeInterceptorImpl     : Incoming connection from /127.0.0.1:51746
2020-12-18 03:13:52.024  INFO 26125 --- [XNIO-1 task-4] lavalink.server.io.SocketServer          : Connection successfully established from /127.0.0.1:51746
2020-12-18 03:13:52.026  INFO 26125 --- [XNIO-1 I/O-1] lavalink.server.io.SocketServer          : {"op": "configureResuming", "key": "default-node", "timeout": 60}
2020-12-18 03:14:11.730  INFO 26125 --- [XNIO-1 task-5] l.server.player.AudioLoaderRestHandler   : Got request to load for identifier "https://www.youtube.com/watch?v=YocGWpDFEsM"
2020-12-18 03:14:11.840  INFO 26125 --- [XNIO-1 I/O-1] lavalink.server.io.SocketServer          : {"op": "voiceUpdate", "guildId": "243315618927869973", "sessionId": "4916b9f9ad2a2aaac5c26c84d8396d0f", "event": {"token": "2611dbe100b72e3f", "guild_id": "243315618927869973", "endpoint": "us-west6028.discord.media:443"}}
2020-12-18 03:14:12.581  INFO 26125 --- [lava-daemon-pool-info-loader-2-thread-1] lavalink.server.player.AudioLoader       : Loaded track SG Lewis ft. Clairo - Throwaway (Lyrics)
2020-12-18 03:14:12.730  INFO 26125 --- [XNIO-1 I/O-1] lavalink.server.io.SocketServer          : {"op": "play", "guildId": "243315618927869973", "track": "QAAAjQIAKFNHIExld2lzIGZ0LiBDbGFpcm8gLSBUaHJvd2F3YXkgKEx5cmljcykAC1RoZUdvb2RWaWJlAAAAAAACvyAAC1lvY0dXcERGRXNNAAEAK2h0dHBzOi8vd3d3LnlvdXR1YmUuY29tL3dhdGNoP3Y9WW9jR1dwREZFc00AB3lvdXR1YmUAAAAAAAAAAA=="}
2020-12-18 03:14:23.690  INFO 26125 --- [Thread-1] o.s.s.concurrent.ThreadPoolTaskExecutor  : Shutting down ExecutorService 'applicationTaskExecutor'
2020-12-18 03:14:23.693  INFO 26125 --- [Thread-1] c.s.d.l.tools.GarbageCollectionMonitor   : GC monitoring disabled.
2020-12-18 03:14:23.701  WARN 26125 --- [lava-daemon-pool-playback-1-thread-1] c.s.d.l.t.p.LocalAudioTrackExecutor      : Suspicious exception for playback of YocGWpDFEsM

com.sedmelluq.discord.lavaplayer.tools.FriendlyException: The track was unexpectedly terminated.
	at com.sedmelluq.discord.lavaplayer.track.playback.LocalAudioTrackExecutor.handlePlaybackInterrupt(LocalAudioTrackExecutor.java:348) ~[lavaplayer-1.3.61.jar!/:na]
	at com.sedmelluq.discord.lavaplayer.track.playback.LocalAudioTrackExecutor.executeProcessingLoop(LocalAudioTrackExecutor.java:292) ~[lavaplayer-1.3.61.jar!/:na]
	at com.sedmelluq.discord.lavaplayer.track.playback.LocalAudioTrackExecutor.executeProcessingLoop(LocalAudioTrackExecutor.java:250) ~[lavaplayer-1.3.61.jar!/:na]
	at com.sedmelluq.discord.lavaplayer.container.matroska.MatroskaAudioTrack.process(MatroskaAudioTrack.java:39) ~[lavaplayer-1.3.61.jar!/:na]
	at com.sedmelluq.discord.lavaplayer.track.DelegatedAudioTrack.processDelegate(DelegatedAudioTrack.java:25) ~[lavaplayer-1.3.61.jar!/:na]
	at com.sedmelluq.discord.lavaplayer.source.youtube.YoutubeAudioTrack.processStatic(YoutubeAudioTrack.java:57) ~[lavaplayer-1.3.61.jar!/:na]
	at com.sedmelluq.discord.lavaplayer.source.youtube.YoutubeAudioTrack.process(YoutubeAudioTrack.java:49) ~[lavaplayer-1.3.61.jar!/:na]
	at com.sedmelluq.discord.lavaplayer.track.playback.LocalAudioTrackExecutor.execute(LocalAudioTrackExecutor.java:105) ~[lavaplayer-1.3.61.jar!/:na]
	at com.sedmelluq.discord.lavaplayer.player.DefaultAudioPlayerManager.lambda$executeTrack$1(DefaultAudioPlayerManager.java:349) ~[lavaplayer-1.3.61.jar!/:na]
	at java.base/java.util.concurrent.ThreadPoolExecutor.runWorker(ThreadPoolExecutor.java:1128) ~[na:na]
	at java.base/java.util.concurrent.ThreadPoolExecutor$Worker.run(ThreadPoolExecutor.java:628) ~[na:na]
	at java.base/java.lang.Thread.run(Thread.java:834) ~[na:na]
Caused by: java.lang.InterruptedException: null
	at java.base/java.util.concurrent.locks.AbstractQueuedSynchronizer$ConditionObject.reportInterruptAfterWait(AbstractQueuedSynchronizer.java:2056) ~[na:na]
	at java.base/java.util.concurrent.locks.AbstractQueuedSynchronizer$ConditionObject.await(AbstractQueuedSynchronizer.java:2090) ~[na:na]
	at java.base/java.util.concurrent.ArrayBlockingQueue.put(ArrayBlockingQueue.java:367) ~[na:na]
	at com.sedmelluq.discord.lavaplayer.track.playback.AllocatingAudioFrameBuffer.consume(AllocatingAudioFrameBuffer.java:179) ~[lavaplayer-1.3.61.jar!/:na]
	at com.sedmelluq.discord.lavaplayer.container.common.OpusPacketRouter.passThrough(OpusPacketRouter.java:169) ~[lavaplayer-1.3.61.jar!/:na]
	at com.sedmelluq.discord.lavaplayer.container.common.OpusPacketRouter.process(OpusPacketRouter.java:99) ~[lavaplayer-1.3.61.jar!/:na]
	at com.sedmelluq.discord.lavaplayer.container.matroska.MatroskaOpusTrackConsumer.consume(MatroskaOpusTrackConsumer.java:47) ~[lavaplayer-1.3.61.jar!/:na]
	at com.sedmelluq.discord.lavaplayer.container.matroska.MatroskaStreamingFile.processFrameInBlock(MatroskaStreamingFile.java:372) ~[lavaplayer-1.3.61.jar!/:na]
	at com.sedmelluq.discord.lavaplayer.container.matroska.MatroskaStreamingFile.parseClusterSimpleBlock(MatroskaStreamingFile.java:336) ~[lavaplayer-1.3.61.jar!/:na]
	at com.sedmelluq.discord.lavaplayer.container.matroska.MatroskaStreamingFile.parseNextCluster(MatroskaStreamingFile.java:321) ~[lavaplayer-1.3.61.jar!/:na]
	at com.sedmelluq.discord.lavaplayer.container.matroska.MatroskaStreamingFile.provideFrames(MatroskaStreamingFile.java:297) ~[lavaplayer-1.3.61.jar!/:na]
	at com.sedmelluq.discord.lavaplayer.container.matroska.MatroskaAudioTrack.lambda$process$0(MatroskaAudioTrack.java:40) ~[lavaplayer-1.3.61.jar!/:na]
	at com.sedmelluq.discord.lavaplayer.track.playback.LocalAudioTrackExecutor.executeProcessingLoop(LocalAudioTrackExecutor.java:276) ~[lavaplayer-1.3.61.jar!/:na]
	... 10 common frames omitted

2020-12-18 03:14:23.704  INFO 26125 --- [XNIO-1 I/O-1] lavalink.server.io.SocketServer          : {"op": "stop", "guildId": "243315618927869973"}
2020-12-18 03:14:23.708  INFO 26125 --- [Thread-1] io.undertow.servlet                      : Destroying Spring FrameworkServlet 'dispatcherServlet'
2020-12-18 03:14:23.713 ERROR 26125 --- [XNIO-1 I/O-1] org.xnio.listener                        : XNIO001007: A channel event listener threw an exception

java.util.concurrent.RejectedExecutionException: XNIO007007: Thread is terminating
	at org.xnio.nio.WorkerThread.execute(WorkerThread.java:590) ~[xnio-nio-3.3.8.Final.jar!/:3.3.8.Final]
	at io.undertow.websockets.jsr.UndertowSession$3.handleEvent(UndertowSession.java:396) ~[undertow-websockets-jsr-2.0.26.Final.jar!/:2.0.26.Final]
	at io.undertow.websockets.jsr.UndertowSession$3.handleEvent(UndertowSession.java:388) ~[undertow-websockets-jsr-2.0.26.Final.jar!/:2.0.26.Final]
	at org.xnio.ChannelListeners.invokeChannelListener(ChannelListeners.java:92) ~[xnio-api-3.3.8.Final.jar!/:3.3.8.Final]
	at io.undertow.server.protocol.framed.AbstractFramedChannel$FrameCloseListener.handleEvent(AbstractFramedChannel.java:1063) ~[undertow-core-2.0.26.Final.jar!/:2.0.26.Final]
	at io.undertow.server.protocol.framed.AbstractFramedChannel$FrameCloseListener.handleEvent(AbstractFramedChannel.java:978) ~[undertow-core-2.0.26.Final.jar!/:2.0.26.Final]
	at org.xnio.ChannelListeners.invokeChannelListener(ChannelListeners.java:92) ~[xnio-api-3.3.8.Final.jar!/:3.3.8.Final]
	at org.xnio.conduits.WriteReadyHandler$ChannelListenerHandler.terminated(WriteReadyHandler.java:70) ~[xnio-api-3.3.8.Final.jar!/:3.3.8.Final]
	at org.xnio.nio.NioSocketConduit.writeTerminated(NioSocketConduit.java:234) ~[xnio-nio-3.3.8.Final.jar!/:3.3.8.Final]
	at org.xnio.nio.NioSocketConduit.terminateWrites(NioSocketConduit.java:223) ~[xnio-nio-3.3.8.Final.jar!/:3.3.8.Final]
	at org.xnio.nio.NioSocketConduit.truncateWrites(NioSocketConduit.java:228) ~[xnio-nio-3.3.8.Final.jar!/:3.3.8.Final]
	at io.undertow.conduits.IdleTimeoutConduit.truncateWrites(IdleTimeoutConduit.java:387) ~[undertow-core-2.0.26.Final.jar!/:2.0.26.Final]
	at org.xnio.conduits.ConduitStreamSinkChannel.close(ConduitStreamSinkChannel.java:186) ~[xnio-api-3.3.8.Final.jar!/:3.3.8.Final]
	at org.xnio.IoUtils.safeClose(IoUtils.java:134) ~[xnio-api-3.3.8.Final.jar!/:3.3.8.Final]
	at org.xnio.conduits.WriteReadyHandler$ChannelListenerHandler.forceTermination(WriteReadyHandler.java:57) ~[xnio-api-3.3.8.Final.jar!/:3.3.8.Final]
	at org.xnio.nio.NioSocketConduit.forceTermination(NioSocketConduit.java:107) ~[xnio-nio-3.3.8.Final.jar!/:3.3.8.Final]
	at org.xnio.nio.WorkerThread.run(WorkerThread.java:494) ~[xnio-nio-3.3.8.Final.jar!/:3.3.8.Final]

2020-12-18 03:21:59.542  INFO 27087 --- [main] lavalink.server.Launcher                 : 

[32m       .  [31m _                  _ _       _    [32m__ _ _
[32m      /\\ [31m| | __ ___   ____ _| (_)_ __ | | __[32m\ \ \ \
[32m     ( ( )[31m| |/ _` \ \ / / _` | | | '_ \| |/ /[32m \ \ \ \
[32m      \\/ [31m| | (_| |\ V / (_| | | | | | |   < [32m  ) ) ) )
[32m       '  [31m|_|\__,_| \_/ \__,_|_|_|_| |_|_|\_\[32m / / / /
[0m    =========================================[32m/_/_/_/[0m

	Version:        3.3.2.2
	Build:          1155
	Build time:     28.11.2020 11:50:13 UTC
	Branch          dev
	Commit:         23c883a
	Commit time:    28.11.2020 11:42:10 UTC
	JVM:            11.0.9.1
	Lavaplayer      1.3.61

2020-12-18 03:21:59.901  INFO 27087 --- [main] lavalink.server.Launcher                 : Starting Launcher on ip-172-31-44-202 with PID 27087 (/home/ubuntu/Lavalink.jar started by ubuntu in /home/ubuntu)
2020-12-18 03:21:59.914  INFO 27087 --- [main] lavalink.server.Launcher                 : No active profile set, falling back to default profiles: default
2020-12-18 03:22:00.299  WARN 27087 --- [background-preinit] o.s.h.c.j.Jackson2ObjectMapperBuilder    : For Jackson Kotlin classes support please add "com.fasterxml.jackson.module:jackson-module-kotlin" to the classpath
2020-12-18 03:22:02.737  WARN 27087 --- [main] io.undertow.websockets.jsr               : UT026010: Buffer pool was not set on WebSocketDeploymentInfo, the default pool will be used
2020-12-18 03:22:02.797  INFO 27087 --- [main] io.undertow.servlet                      : Initializing Spring embedded WebApplicationContext
2020-12-18 03:22:02.798  INFO 27087 --- [main] o.s.web.context.ContextLoader            : Root WebApplicationContext: initialization completed in 2714 ms
2020-12-18 03:22:03.550  WARN 27087 --- [main] l.server.config.SentryConfiguration      : Turning off sentry
2020-12-18 03:22:04.256  INFO 27087 --- [main] c.s.d.l.tools.GarbageCollectionMonitor   : GC monitoring enabled, reporting results every 2 minutes.
2020-12-18 03:22:04.677  INFO 27087 --- [main] lavalink.server.config.KoeConfiguration  : OS: Linux, Arch: amd64
2020-12-18 03:22:04.678  INFO 27087 --- [main] lavalink.server.config.KoeConfiguration  : Enabling JDA-NAS
2020-12-18 03:22:04.683  INFO 27087 --- [main] c.s.l.c.natives.NativeLibraryLoader      : Native library udpqueue: loading with filter null
2020-12-18 03:22:04.689  INFO 27087 --- [main] c.s.l.c.natives.NativeLibraryLoader      : Native library udpqueue: successfully loaded.
2020-12-18 03:22:05.262  INFO 27087 --- [main] o.s.s.concurrent.ThreadPoolTaskExecutor  : Initializing ExecutorService 'applicationTaskExecutor'
2020-12-18 03:22:05.872  INFO 27087 --- [main] org.xnio                                 : XNIO version 3.3.8.Final
2020-12-18 03:22:05.903  INFO 27087 --- [main] org.xnio.nio                             : XNIO NIO Implementation Version 3.3.8.Final
2020-12-18 03:22:06.021  INFO 27087 --- [main] o.s.b.w.e.u.UndertowServletWebServer     : Undertow started on port(s) 5000 (http) with context path ''
2020-12-18 03:22:06.032  INFO 27087 --- [main] lavalink.server.Launcher                 : Started Launcher in 8.088 seconds (JVM running for 9.102)
2020-12-18 03:22:06.039  INFO 27087 --- [main] lavalink.server.Launcher                 : You can safely ignore the big red warning about illegal reflection. See https://github.com/Frederikam/Lavalink/issues/295
2020-12-18 03:22:19.593  INFO 27087 --- [XNIO-1 task-1] io.undertow.servlet                      : Initializing Spring DispatcherServlet 'dispatcherServlet'
2020-12-18 03:22:19.595  INFO 27087 --- [XNIO-1 task-1] o.s.web.servlet.DispatcherServlet        : Initializing Servlet 'dispatcherServlet'
2020-12-18 03:22:19.615  INFO 27087 --- [XNIO-1 task-1] o.s.web.servlet.DispatcherServlet        : Completed initialization in 20 ms
2020-12-18 03:22:19.670  INFO 27087 --- [XNIO-1 task-1] l.server.io.HandshakeInterceptorImpl     : Incoming connection from /127.0.0.1:51822
2020-12-18 03:22:19.810  INFO 27087 --- [XNIO-1 task-1] lavalink.server.io.SocketServer          : Connection successfully established from /127.0.0.1:51822
2020-12-18 03:22:19.851  INFO 27087 --- [XNIO-1 I/O-1] lavalink.server.io.SocketServer          : {"op": "configureResuming", "key": "default-node", "timeout": 60}
2020-12-18 03:22:34.116  INFO 27087 --- [XNIO-1 task-2] l.server.player.AudioLoaderRestHandler   : Got request to load for identifier "https://www.youtube.com/watch?v=YocGWpDFEsM"
2020-12-18 03:22:34.174  INFO 27087 --- [XNIO-1 I/O-1] lavalink.server.io.SocketServer          : {"op": "voiceUpdate", "guildId": "243315618927869973", "sessionId": "df3de85c3e91eedb8dfaa145c97243a3", "event": {"token": "f7c0d00ff69553d3", "guild_id": "243315618927869973", "endpoint": "us-west6028.discord.media:443"}}
2020-12-18 03:22:35.923  INFO 27087 --- [lava-daemon-pool-info-loader-2-thread-1] lavalink.server.player.AudioLoader       : Loaded track SG Lewis ft. Clairo - Throwaway (Lyrics)
2020-12-18 03:22:36.118  INFO 27087 --- [XNIO-1 I/O-1] lavalink.server.io.SocketServer          : {"op": "play", "guildId": "243315618927869973", "track": "QAAAjQIAKFNHIExld2lzIGZ0LiBDbGFpcm8gLSBUaHJvd2F3YXkgKEx5cmljcykAC1RoZUdvb2RWaWJlAAAAAAACvyAAC1lvY0dXcERGRXNNAAEAK2h0dHBzOi8vd3d3LnlvdXR1YmUuY29tL3dhdGNoP3Y9WW9jR1dwREZFc00AB3lvdXR1YmUAAAAAAAAAAA=="}
2020-12-18 03:23:26.170  INFO 27087 --- [XNIO-1 I/O-1] lavalink.server.io.SocketServer          : Connection closed from /127.0.0.1:51822 with status CloseStatus[code=1006, reason=] -- Session can be resumed within the next 60 seconds with key default-node
2020-12-18 03:24:04.257  WARN 27087 --- [lava-daemon-pool-manager-3-thread-1] c.s.d.l.tools.GarbageCollectionMonitor   : Suspicious GC results for the last 2 minutes: [Bucket 0 = 24] [Bucket 20 = 1] [Bucket 50 = 3] [Bucket 200 = 0] [Bucket 500 = 0] [Bucket 2000 = 0] 
2020-12-18 03:24:26.171  INFO 27087 --- [pool-1-thread-1] lavalink.server.io.SocketContext         : Shutting down 1 playing players.
2020-12-18 03:26:11.244  INFO 27087 --- [XNIO-1 task-4] l.server.io.HandshakeInterceptorImpl     : Incoming connection from /127.0.0.1:51844
2020-12-18 03:26:11.248  INFO 27087 --- [XNIO-1 task-4] lavalink.server.io.SocketServer          : Connection successfully established from /127.0.0.1:51844
2020-12-18 03:26:11.251  INFO 27087 --- [XNIO-1 I/O-1] lavalink.server.io.SocketServer          : {"op": "configureResuming", "key": "default-node", "timeout": 60}
2020-12-18 03:26:14.241  INFO 27087 --- [XNIO-1 I/O-1] lavalink.server.io.SocketServer          : Connection closed from /127.0.0.1:51844 with status CloseStatus[code=1006, reason=] -- Session can be resumed within the next 60 seconds with key default-node
2020-12-18 03:26:19.701  INFO 27087 --- [XNIO-1 task-5] l.server.io.HandshakeInterceptorImpl     : Incoming connection from /127.0.0.1:51850
2020-12-18 03:26:19.706  INFO 27087 --- [XNIO-1 task-5] lavalink.server.io.SocketServer          : Connection successfully established from /127.0.0.1:51850
2020-12-18 03:26:19.710  INFO 27087 --- [XNIO-1 I/O-1] lavalink.server.io.SocketServer          : {"op": "configureResuming", "key": "default-node", "timeout": 60}
2020-12-18 03:26:22.694  WARN 27087 --- [XNIO-1 I/O-1] lavalink.server.io.SocketServer          : Shutdown resumable session with key default-node because it has the same key as a newly disconnected resumable session.
2020-12-18 03:26:22.695  INFO 27087 --- [XNIO-1 I/O-1] lavalink.server.io.SocketContext         : Shutting down 0 playing players.
2020-12-18 03:26:22.695  INFO 27087 --- [XNIO-1 I/O-1] lavalink.server.io.SocketServer          : Connection closed from /127.0.0.1:51850 with status CloseStatus[code=1006, reason=] -- Session can be resumed within the next 60 seconds with key default-node
2020-12-18 03:26:28.176  INFO 27087 --- [XNIO-1 task-6] l.server.io.HandshakeInterceptorImpl     : Incoming connection from /127.0.0.1:51856
2020-12-18 03:26:28.181  INFO 27087 --- [XNIO-1 task-6] lavalink.server.io.SocketServer          : Connection successfully established from /127.0.0.1:51856
2020-12-18 03:26:28.184  INFO 27087 --- [XNIO-1 I/O-1] lavalink.server.io.SocketServer          : {"op": "configureResuming", "key": "default-node", "timeout": 60}
2020-12-18 03:26:30.288  WARN 27087 --- [XNIO-1 I/O-1] lavalink.server.io.SocketServer          : Shutdown resumable session with key default-node because it has the same key as a newly disconnected resumable session.
2020-12-18 03:26:30.288  INFO 27087 --- [XNIO-1 I/O-1] lavalink.server.io.SocketContext         : Shutting down 0 playing players.
2020-12-18 03:26:30.289  INFO 27087 --- [XNIO-1 I/O-1] lavalink.server.io.SocketServer          : Connection closed from /127.0.0.1:51856 with status CloseStatus[code=1006, reason=] -- Session can be resumed within the next 60 seconds with key default-node
2020-12-18 03:26:59.716  INFO 27087 --- [XNIO-1 task-7] l.server.io.HandshakeInterceptorImpl     : Incoming connection from /127.0.0.1:51862
2020-12-18 03:26:59.727  INFO 27087 --- [XNIO-1 task-7] lavalink.server.io.SocketServer          : Connection successfully established from /127.0.0.1:51862
2020-12-18 03:26:59.730  INFO 27087 --- [XNIO-1 I/O-1] lavalink.server.io.SocketServer          : {"op": "configureResuming", "key": "default-node", "timeout": 60}
2020-12-18 03:27:04.709  WARN 27087 --- [XNIO-1 I/O-1] lavalink.server.io.SocketServer          : Shutdown resumable session with key default-node because it has the same key as a newly disconnected resumable session.
2020-12-18 03:27:04.710  INFO 27087 --- [XNIO-1 I/O-1] lavalink.server.io.SocketContext         : Shutting down 0 playing players.
2020-12-18 03:27:04.711  INFO 27087 --- [XNIO-1 I/O-1] lavalink.server.io.SocketServer          : Connection closed from /127.0.0.1:51862 with status CloseStatus[code=1006, reason=] -- Session can be resumed within the next 60 seconds with key default-node
2020-12-18 03:27:10.300  INFO 27087 --- [XNIO-1 task-8] l.server.io.HandshakeInterceptorImpl     : Incoming connection from /127.0.0.1:51868
2020-12-18 03:27:10.313  INFO 27087 --- [XNIO-1 task-8] lavalink.server.io.SocketServer          : Connection successfully established from /127.0.0.1:51868
2020-12-18 03:27:10.317  INFO 27087 --- [XNIO-1 I/O-1] lavalink.server.io.SocketServer          : {"op": "configureResuming", "key": "default-node", "timeout": 60}
2020-12-18 03:27:14.241  INFO 27087 --- [pool-2-thread-1] lavalink.server.io.SocketContext         : Shutting down 0 playing players.
2020-12-18 03:27:15.299  INFO 27087 --- [XNIO-1 I/O-1] lavalink.server.io.SocketServer          : Connection closed from /127.0.0.1:51868 with status CloseStatus[code=1006, reason=] -- Session can be resumed within the next 60 seconds with key default-node
2020-12-18 03:27:20.837  INFO 27087 --- [XNIO-1 task-9] l.server.io.HandshakeInterceptorImpl     : Incoming connection from /127.0.0.1:51874
2020-12-18 03:27:20.847  INFO 27087 --- [XNIO-1 task-9] lavalink.server.io.SocketServer          : Connection successfully established from /127.0.0.1:51874
2020-12-18 03:27:20.851  INFO 27087 --- [XNIO-1 I/O-1] lavalink.server.io.SocketServer          : {"op": "configureResuming", "key": "default-node", "timeout": 60}
2020-12-18 03:27:22.696  INFO 27087 --- [pool-3-thread-1] lavalink.server.io.SocketContext         : Shutting down 0 playing players.
2020-12-18 03:27:25.832  INFO 27087 --- [XNIO-1 I/O-1] lavalink.server.io.SocketServer          : Connection closed from /127.0.0.1:51874 with status CloseStatus[code=1006, reason=] -- Session can be resumed within the next 60 seconds with key default-node
2020-12-18 03:27:30.290  INFO 27087 --- [pool-4-thread-1] lavalink.server.io.SocketContext         : Shutting down 0 playing players.
2020-12-18 03:28:04.711  INFO 27087 --- [pool-5-thread-1] lavalink.server.io.SocketContext         : Shutting down 0 playing players.
2020-12-18 03:28:15.299  INFO 27087 --- [pool-6-thread-1] lavalink.server.io.SocketContext         : Shutting down 0 playing players.
2020-12-18 03:28:25.832  INFO 27087 --- [pool-7-thread-1] lavalink.server.io.SocketContext         : Shutting down 0 playing players.
2020-12-18 03:29:01.923  INFO 27087 --- [XNIO-1 task-10] l.server.io.HandshakeInterceptorImpl     : Incoming connection from /127.0.0.1:51880
2020-12-18 03:29:01.927  INFO 27087 --- [XNIO-1 task-10] lavalink.server.io.SocketServer          : Connection successfully established from /127.0.0.1:51880
2020-12-18 03:29:01.930  INFO 27087 --- [XNIO-1 I/O-1] lavalink.server.io.SocketServer          : {"op": "configureResuming", "key": "default-node", "timeout": 60}
2020-12-18 03:29:12.411  INFO 27087 --- [XNIO-1 task-11] l.server.player.AudioLoaderRestHandler   : Got request to load for identifier "https://www.youtube.com/watch?v=YocGWpDFEsM"
2020-12-18 03:29:12.771  INFO 27087 --- [XNIO-1 I/O-1] lavalink.server.io.SocketServer          : {"op": "voiceUpdate", "guildId": "243315618927869973", "sessionId": "1a1b65d59d0435c06c968b4f50155604", "event": {"token": "9088ddca8c8e381d", "guild_id": "243315618927869973", "endpoint": "us-west6028.discord.media:443"}}
2020-12-18 03:29:13.109  INFO 27087 --- [lava-daemon-pool-info-loader-2-thread-1] lavalink.server.player.AudioLoader       : Loaded track SG Lewis ft. Clairo - Throwaway (Lyrics)
2020-12-18 03:29:13.250  INFO 27087 --- [XNIO-1 I/O-1] lavalink.server.io.SocketServer          : {"op": "play", "guildId": "243315618927869973", "track": "QAAAjQIAKFNHIExld2lzIGZ0LiBDbGFpcm8gLSBUaHJvd2F3YXkgKEx5cmljcykAC1RoZUdvb2RWaWJlAAAAAAACvyAAC1lvY0dXcERGRXNNAAEAK2h0dHBzOi8vd3d3LnlvdXR1YmUuY29tL3dhdGNoP3Y9WW9jR1dwREZFc00AB3lvdXR1YmUAAAAAAAAAAA=="}
2020-12-18 03:32:08.596  INFO 27087 --- [XNIO-1 I/O-1] lavalink.server.io.SocketServer          : {"op": "stop", "guildId": "243315618927869973"}
2020-12-18 03:32:38.517  INFO 27087 --- [XNIO-1 task-13] l.server.player.AudioLoaderRestHandler   : Got request to load for identifier "https://www.youtube.com/watch?v=YocGWpDFEsM"
2020-12-18 03:32:38.630  INFO 27087 --- [XNIO-1 I/O-1] lavalink.server.io.SocketServer          : {"op": "voiceUpdate", "guildId": "243315618927869973", "sessionId": "1a1b65d59d0435c06c968b4f50155604", "event": {"token": "381f5ef4795d4b71", "guild_id": "243315618927869973", "endpoint": "us-west6028.discord.media:443"}}
2020-12-18 03:32:39.211  INFO 27087 --- [lava-daemon-pool-info-loader-2-thread-1] lavalink.server.player.AudioLoader       : Loaded track SG Lewis ft. Clairo - Throwaway (Lyrics)
2020-12-18 03:32:39.374  INFO 27087 --- [XNIO-1 I/O-1] lavalink.server.io.SocketServer          : {"op": "play", "guildId": "243315618927869973", "track": "QAAAjQIAKFNHIExld2lzIGZ0LiBDbGFpcm8gLSBUaHJvd2F3YXkgKEx5cmljcykAC1RoZUdvb2RWaWJlAAAAAAACvyAAC1lvY0dXcERGRXNNAAEAK2h0dHBzOi8vd3d3LnlvdXR1YmUuY29tL3dhdGNoP3Y9WW9jR1dwREZFc00AB3lvdXR1YmUAAAAAAAAAAA=="}
2020-12-18 03:32:42.082  INFO 27087 --- [XNIO-1 I/O-1] lavalink.server.io.SocketServer          : {"op": "stop", "guildId": "243315618927869973"}
2020-12-18 03:33:10.359  INFO 27087 --- [XNIO-1 task-15] l.server.player.AudioLoaderRestHandler   : Got request to load for identifier "https://www.youtube.com/watch?v=rR0HMixfwg8&list=RDrR0HMixfwg8&start_radio=1"
2020-12-18 03:33:10.472  INFO 27087 --- [XNIO-1 I/O-1] lavalink.server.io.SocketServer          : {"op": "voiceUpdate", "guildId": "243315618927869973", "sessionId": "1a1b65d59d0435c06c968b4f50155604", "event": {"token": "24a3c4ea4a66e1a0", "guild_id": "243315618927869973", "endpoint": "us-west6028.discord.media:443"}}
2020-12-18 03:33:10.960  INFO 27087 --- [lava-daemon-pool-info-loader-2-thread-1] lavalink.server.player.AudioLoader       : Loaded playlist Mix - Jaira Burns - Goddess
2020-12-18 03:33:11.152  INFO 27087 --- [XNIO-1 I/O-1] lavalink.server.io.SocketServer          : {"op": "play", "guildId": "243315618927869973", "track": "QAAAdgIAFUphaXJhIEJ1cm5zIC0gR29kZGVzcwALSmFpcmEgQnVybnMAAAAAAALeYAALclIwSE1peGZ3ZzgAAQAnaHR0cHM6Ly95b3V0dWJlLmNvbS93YXRjaD92PXJSMEhNaXhmd2c4AAd5b3V0dWJlAAAAAAAAAAA="}
2020-12-18 03:33:13.069  INFO 27087 --- [XNIO-1 I/O-1] lavalink.server.io.SocketServer          : {"op": "play", "guildId": "243315618927869973", "track": "QAAAhAIAI0phaXJhIEJ1cm5zIC0gVWdseSAoT2ZmaWNpYWwgVmlkZW8pAAtKYWlyYSBCdXJucwAAAAAAA0vAAAtNZHU2bUxsMWpIVQABACdodHRwczovL3lvdXR1YmUuY29tL3dhdGNoP3Y9TWR1Nm1MbDFqSFUAB3lvdXR1YmUAAAAAAAAAAA=="}
2020-12-18 03:33:35.769  INFO 27087 --- [XNIO-1 I/O-1] lavalink.server.io.SocketServer          : {"op": "stop", "guildId": "243315618927869973"}
2020-12-18 03:36:42.456  INFO 27087 --- [XNIO-1 task-1] l.server.player.AudioLoaderRestHandler   : Got request to load for identifier "https://www.youtube.com/watch?v=LFSW8fEQleY&list=RDLFSW8fEQleY&start_radio=1"
2020-12-18 03:36:42.797  INFO 27087 --- [XNIO-1 I/O-1] lavalink.server.io.SocketServer          : {"op": "voiceUpdate", "guildId": "243315618927869973", "sessionId": "1a1b65d59d0435c06c968b4f50155604", "event": {"token": "393832eb2f72728a", "guild_id": "243315618927869973", "endpoint": "us-west6028.discord.media:443"}}
2020-12-18 03:36:42.997  INFO 27087 --- [lava-daemon-pool-info-loader-2-thread-1] lavalink.server.player.AudioLoader       : Loaded playlist Mix - healy - Reckless
2020-12-18 03:36:43.195  INFO 27087 --- [XNIO-1 I/O-1] lavalink.server.io.SocketServer          : {"op": "play", "guildId": "243315618927869973", "track": "QAAAdAIAEGhlYWx5IC0gUmVja2xlc3MADk5vc3RhbGdpYyBKYW1zAAAAAAADobAAC0xGU1c4ZkVRbGVZAAEAJ2h0dHBzOi8veW91dHViZS5jb20vd2F0Y2g/dj1MRlNXOGZFUWxlWQAHeW91dHViZQAAAAAAAAAA"}
2020-12-18 03:40:01.646  INFO 27087 --- [XNIO-1 I/O-1] lavalink.server.io.SocketServer          : {"op": "play", "guildId": "243315618927869973", "track": "QAAAiAIALVNoaWJ1eWEgKEZ0LiBGcmFuayBPY2VhbikgW0NoYW5lbCBGdW5rIFJlbWl4XQAFTC5EcmUAAAAAAAM0UAALOVdGajZBTUZ3TWcAAQAnaHR0cHM6Ly95b3V0dWJlLmNvbS93YXRjaD92PTlXRmo2QU1Gd01nAAd5b3V0dWJlAAAAAAAAAAA="}
2020-12-18 03:43:32.033  INFO 27087 --- [XNIO-1 I/O-1] lavalink.server.io.SocketServer          : {"op": "play", "guildId": "243315618927869973", "track": "QAAAcgIAFk1hc2VnbyArIEZLSiAgIC0gVGFkb3cABk1hc2VnbwAAAAAABJuwAAt6d2Y1TXBjdUtETQABACdodHRwczovL3lvdXR1YmUuY29tL3dhdGNoP3Y9endmNU1wY3VLRE0AB3lvdXR1YmUAAAAAAAAAAA=="}
2020-12-18 03:46:28.713  INFO 27087 --- [XNIO-1 I/O-1] lavalink.server.io.SocketServer          : Connection closed from /127.0.0.1:51880 with status CloseStatus[code=1006, reason=] -- Session can be resumed within the next 60 seconds with key default-node
2020-12-18 03:46:31.360  INFO 27087 --- [XNIO-1 task-3] l.server.io.HandshakeInterceptorImpl     : Incoming connection from /127.0.0.1:51938
2020-12-18 03:46:31.365  INFO 27087 --- [XNIO-1 task-3] lavalink.server.io.SocketServer          : Connection successfully established from /127.0.0.1:51938
2020-12-18 03:46:31.368  INFO 27087 --- [XNIO-1 I/O-1] lavalink.server.io.SocketServer          : {"op": "configureResuming", "key": "default-node", "timeout": 60}
2020-12-18 03:47:28.713  INFO 27087 --- [pool-8-thread-1] lavalink.server.io.SocketContext         : Shutting down 1 playing players.
2020-12-18 03:48:11.818  INFO 27087 --- [XNIO-1 I/O-1] lavalink.server.io.SocketServer          : Connection closed from /127.0.0.1:51938 with status CloseStatus[code=1006, reason=] -- Session can be resumed within the next 60 seconds with key default-node
2020-12-18 03:48:24.702  INFO 27087 --- [XNIO-1 task-4] l.server.io.HandshakeInterceptorImpl     : Incoming connection from /127.0.0.1:51948
2020-12-18 03:48:24.708  INFO 27087 --- [XNIO-1 task-4] lavalink.server.io.SocketServer          : Connection successfully established from /127.0.0.1:51948
2020-12-18 03:48:24.711  INFO 27087 --- [XNIO-1 I/O-1] lavalink.server.io.SocketServer          : {"op": "configureResuming", "key": "default-node", "timeout": 60}
2020-12-18 03:48:44.158  INFO 27087 --- [XNIO-1 task-5] l.server.player.AudioLoaderRestHandler   : Got request to load for identifier "https://youtu.be/CNqXan57TK0"
2020-12-18 03:48:44.271  INFO 27087 --- [XNIO-1 I/O-1] lavalink.server.io.SocketServer          : {"op": "voiceUpdate", "guildId": "243315618927869973", "sessionId": "5740dc4edfbcc84f1f8b551b6d18b395", "event": {"token": "5b6a13392ba90019", "guild_id": "243315618927869973", "endpoint": "us-west6028.discord.media:443"}}
2020-12-18 03:48:44.671  INFO 27087 --- [lava-daemon-pool-info-loader-2-thread-1] lavalink.server.player.AudioLoader       : Loaded track Unlike Pluto - FMO (Lyrics)
2020-12-18 03:48:44.913  INFO 27087 --- [XNIO-1 I/O-1] lavalink.server.io.SocketServer          : {"op": "play", "guildId": "243315618927869973", "track": "QAAAgAIAG1VubGlrZSBQbHV0byAtIEZNTyAoTHlyaWNzKQALR2FsYXh5TXVzaWMAAAAAAANTkAALQ05xWGFuNTdUSzAAAQAraHR0cHM6Ly93d3cueW91dHViZS5jb20vd2F0Y2g/dj1DTnFYYW41N1RLMAAHeW91dHViZQAAAAAAAAAA"}
2020-12-18 03:49:11.818  INFO 27087 --- [pool-9-thread-1] lavalink.server.io.SocketContext         : Shutting down 0 playing players.
2020-12-18 03:52:23.275  INFO 27087 --- [XNIO-1 I/O-1] lavalink.server.io.SocketServer          : {"op": "stop", "guildId": "243315618927869973"}
2020-12-18 03:56:05.705  INFO 27087 --- [XNIO-1 task-7] l.server.player.AudioLoaderRestHandler   : Got request to load for identifier "https://youtu.be/HTtIN8zP8Bg"
2020-12-18 03:56:06.048  INFO 27087 --- [XNIO-1 I/O-1] lavalink.server.io.SocketServer          : {"op": "voiceUpdate", "guildId": "243315618927869973", "sessionId": "5740dc4edfbcc84f1f8b551b6d18b395", "event": {"token": "dc1305e56c8f6984", "guild_id": "243315618927869973", "endpoint": "us-west6028.discord.media:443"}}
2020-12-18 03:56:06.410  INFO 27087 --- [lava-daemon-pool-info-loader-2-thread-1] lavalink.server.player.AudioLoader       : Loaded track NARUTO BLUEBIRD FREESTYLE
2020-12-18 03:56:06.576  INFO 27087 --- [XNIO-1 I/O-1] lavalink.server.io.SocketServer          : {"op": "play", "guildId": "243315618927869973", "track": "QAAAgAIAGU5BUlVUTyBCTFVFQklSRCBGUkVFU1RZTEUADUl0J3MgVGhlIEtoYW4AAAAAAAGWQAALSFR0SU44elA4QmcAAQAraHR0cHM6Ly93d3cueW91dHViZS5jb20vd2F0Y2g/dj1IVHRJTjh6UDhCZwAHeW91dHViZQAAAAAAAAAA"}
